L23-google-identity-toolkit-demo/tutorial/build/outputs/logs/manifest-merger-debug-report.txt
-- Merging decision tree log ---
manifest
ADDED from L23-google-identity-toolkit-demo\tutorial\AndroidManifest.xml:18:1-82:12
	xmlns:android
		ADDED from L23-google-identity-toolkit-demo\tutorial\AndroidManifest.xml:18:11-69
	package
		ADDED from L23-google-identity-toolkit-demo\tutorial\AndroidManifest.xml:19:5-46
	android:versionName
		ADDED from L23-google-identity-toolkit-demo\tutorial\AndroidManifest.xml:21:5-32
		INJECTED from L23-google-identity-toolkit-demo\tutorial\AndroidManifest.xml
		INJECTED from L23-google-identity-toolkit-demo\tutorial\AndroidManifest.xml
	android:versionCode
		ADDED from L23-google-identity-toolkit-demo\tutorial\AndroidManifest.xml:20:5-28
		INJECTED from L23-google-identity-toolkit-demo\tutorial\AndroidManifest.xml
		INJECTED from L23-google-identity-toolkit-demo\tutorial\AndroidManifest.xml
uses-sdk
ADDED from L23-google-identity-toolkit-demo\tutorial\AndroidManifest.xml:23:5-25:41
MERGED from [com.google.android.gms:play-services:6.1.11] AndroidManifest.xml:15:5-42
MERGED from [com.android.support:support-v4:23.0.1] AndroidManifest.xml:20:5-43
MERGED from [:identitytoolkit-api11:] AndroidManifest.xml:20:5-22:41
MERGED from [com.facebook.android:facebook-android-sdk:4.8.1] AndroidManifest.xml:24:5-26:41
MERGED from [com.android.support:support-v4:23.0.1] AndroidManifest.xml:20:5-43
MERGED from [com.android.support:multidex:1.0.1] AndroidManifest.xml:18:5-42
	android:targetSdkVersion
		ADDED from L23-google-identity-toolkit-demo\tutorial\AndroidManifest.xml:25:9-38
		INJECTED from L23-google-identity-toolkit-demo\tutorial\AndroidManifest.xml
		INJECTED from L23-google-identity-toolkit-demo\tutorial\AndroidManifest.xml
	android:minSdkVersion
		ADDED from L23-google-identity-toolkit-demo\tutorial\AndroidManifest.xml:24:9-35
		INJECTED from L23-google-identity-toolkit-demo\tutorial\AndroidManifest.xml
		INJECTED from L23-google-identity-toolkit-demo\tutorial\AndroidManifest.xml
uses-permission#android.permission.INTERNET
ADDED from L23-google-identity-toolkit-demo\tutorial\AndroidManifest.xml:27:5-67
	android:name
		ADDED from L23-google-identity-toolkit-demo\tutorial\AndroidManifest.xml:27:22-64
uses-permission#android.permission.GET_ACCOUNTS
ADDED from L23-google-identity-toolkit-demo\tutorial\AndroidManifest.xml:28:5-71
	android:name
		ADDED from L23-google-identity-toolkit-demo\tutorial\AndroidManifest.xml:28:22-68
uses-permission#android.permission.USE_CREDENTIALS
ADDED from L23-google-identity-toolkit-demo\tutorial\AndroidManifest.xml:29:5-74
	android:name
		ADDED from L23-google-identity-toolkit-demo\tutorial\AndroidManifest.xml:29:22-71
application
ADDED from L23-google-identity-toolkit-demo\tutorial\AndroidManifest.xml:31:5-80:19
MERGED from [com.google.android.gms:play-services:6.1.11] AndroidManifest.xml:16:5-19
MERGED from [com.android.support:support-v4:23.0.1] AndroidManifest.xml:22:5-20
MERGED from [:identitytoolkit-api11:] AndroidManifest.xml:24:5-20
MERGED from [com.facebook.android:facebook-android-sdk:4.8.1] AndroidManifest.xml:28:5-20
MERGED from [com.android.support:support-v4:23.0.1] AndroidManifest.xml:22:5-20
	android:label
		ADDED from L23-google-identity-toolkit-demo\tutorial\AndroidManifest.xml:34:9-41
	android:allowBackup
		ADDED from L23-google-identity-toolkit-demo\tutorial\AndroidManifest.xml:32:9-35
	android:icon
		ADDED from L23-google-identity-toolkit-demo\tutorial\AndroidManifest.xml:33:9-45
	android:theme
		ADDED from L23-google-identity-toolkit-demo\tutorial\AndroidManifest.xml:35:9-40
activity#com.google.identitytoolkit.demo.GitkitDemo
ADDED from L23-google-identity-toolkit-demo\tutorial\AndroidManifest.xml:36:9-55:20
	android:label
		ADDED from L23-google-identity-toolkit-demo\tutorial\AndroidManifest.xml:38:13-45
	android:name
		ADDED from L23-google-identity-toolkit-demo\tutorial\AndroidManifest.xml:37:13-70
	android:launchMode
		ADDED from L23-google-identity-toolkit-demo\tutorial\AndroidManifest.xml:39:13-44
intent-filter#android.intent.action.MAIN+android.intent.category.LAUNCHER
ADDED from L23-google-identity-toolkit-demo\tutorial\AndroidManifest.xml:40:13-44:29
action#android.intent.action.MAIN
ADDED from L23-google-identity-toolkit-demo\tutorial\AndroidManifest.xml:41:17-69
	android:name
		ADDED from L23-google-identity-toolkit-demo\tutorial\AndroidManifest.xml:41:25-66
category#android.intent.category.LAUNCHER
ADDED from L23-google-identity-toolkit-demo\tutorial\AndroidManifest.xml:43:17-77
	android:name
		ADDED from L23-google-identity-toolkit-demo\tutorial\AndroidManifest.xml:43:27-74
intent-filter#android.intent.action.VIEW+android.intent.category.BROWSABLE+android.intent.category.DEFAULT
ADDED from L23-google-identity-toolkit-demo\tutorial\AndroidManifest.xml:45:13-54:29
action#android.intent.action.VIEW
ADDED from L23-google-identity-toolkit-demo\tutorial\AndroidManifest.xml:46:17-69
	android:name
		ADDED from L23-google-identity-toolkit-demo\tutorial\AndroidManifest.xml:46:25-66
category#android.intent.category.DEFAULT
ADDED from L23-google-identity-toolkit-demo\tutorial\AndroidManifest.xml:48:17-76
	android:name
		ADDED from L23-google-identity-toolkit-demo\tutorial\AndroidManifest.xml:48:27-73
category#android.intent.category.BROWSABLE
ADDED from L23-google-identity-toolkit-demo\tutorial\AndroidManifest.xml:49:17-78
	android:name
		ADDED from L23-google-identity-toolkit-demo\tutorial\AndroidManifest.xml:49:27-75
data
ADDED from L23-google-identity-toolkit-demo\tutorial\AndroidManifest.xml:51:17-53:113
	android:host
		ADDED from L23-google-identity-toolkit-demo\tutorial\AndroidManifest.xml:52:21-42
	android:scheme
		ADDED from L23-google-identity-toolkit-demo\tutorial\AndroidManifest.xml:53:21-110
activity#com.facebook.FacebookActivity
ADDED from L23-google-identity-toolkit-demo\tutorial\AndroidManifest.xml:57:9-65
	android:name
		ADDED from L23-google-identity-toolkit-demo\tutorial\AndroidManifest.xml:57:19-63
meta-data#com.google.android.gms.version
ADDED from L23-google-identity-toolkit-demo\tutorial\AndroidManifest.xml:59:9-61:69
	android:name
		ADDED from L23-google-identity-toolkit-demo\tutorial\AndroidManifest.xml:60:13-58
	android:value
		ADDED from L23-google-identity-toolkit-demo\tutorial\AndroidManifest.xml:61:13-66
meta-data#identitytoolkit.show_providers
ADDED from L23-google-identity-toolkit-demo\tutorial\AndroidManifest.xml:62:9-64:47
	android:name
		ADDED from L23-google-identity-toolkit-demo\tutorial\AndroidManifest.xml:63:13-58
	android:value
		ADDED from L23-google-identity-toolkit-demo\tutorial\AndroidManifest.xml:64:13-44
meta-data#identitytoolkit.use_google_plus
ADDED from L23-google-identity-toolkit-demo\tutorial\AndroidManifest.xml:65:9-67:37
	android:name
		ADDED from L23-google-identity-toolkit-demo\tutorial\AndroidManifest.xml:66:13-59
	android:value
		ADDED from L23-google-identity-toolkit-demo\tutorial\AndroidManifest.xml:67:13-34
meta-data#identitytoolkit.api_key
ADDED from L23-google-identity-toolkit-demo\tutorial\AndroidManifest.xml:69:9-71:71
	android:name
		ADDED from L23-google-identity-toolkit-demo\tutorial\AndroidManifest.xml:70:13-51
	android:value
		ADDED from L23-google-identity-toolkit-demo\tutorial\AndroidManifest.xml:71:13-68
meta-data#identitytoolkit.server_client_id
ADDED from L23-google-identity-toolkit-demo\tutorial\AndroidManifest.xml:72:9-74:104
	android:name
		ADDED from L23-google-identity-toolkit-demo\tutorial\AndroidManifest.xml:73:13-60
	android:value
		ADDED from L23-google-identity-toolkit-demo\tutorial\AndroidManifest.xml:74:13-101
meta-data#identitytoolkit.server_widget_url
ADDED from L23-google-identity-toolkit-demo\tutorial\AndroidManifest.xml:75:9-77:49
	android:name
		ADDED from L23-google-identity-toolkit-demo\tutorial\AndroidManifest.xml:76:13-61
	android:value
		ADDED from L23-google-identity-toolkit-demo\tutorial\AndroidManifest.xml:77:13-46
meta-data#com.facebook.sdk.ApplicationId
ADDED from L23-google-identity-toolkit-demo\tutorial\AndroidManifest.xml:79:9-107
	android:name
		ADDED from L23-google-identity-toolkit-demo\tutorial\AndroidManifest.xml:79:20-65
	android:value
		ADDED from L23-google-identity-toolkit-demo\tutorial\AndroidManifest.xml:79:66-105